[ 2017-08-11T11:37:43+08:00 ] 192.168.37.178 /thinkphp_3.2.3_full/index.php/Admin/Classify/addClassify.html
INFO: [ app_init ] --START--
INFO: Run Behavior\BuildLiteBehavior [ RunTime:0.000016s ]
INFO: [ app_init ] --END-- [ RunTime:0.000841s ]
INFO: [ app_begin ] --START--
INFO: Run Behavior\ReadHtmlCacheBehavior [ RunTime:0.000660s ]
INFO: [ app_begin ] --END-- [ RunTime:0.000715s ]

[ 2017-08-11T11:37:43+08:00 ] 192.168.37.178 /thinkphp_3.2.3_full/index.php/Admin/Login/login.html
INFO: [ app_init ] --START--
INFO: Run Behavior\BuildLiteBehavior [ RunTime:0.000014s ]
INFO: [ app_init ] --END-- [ RunTime:0.000364s ]
INFO: [ app_begin ] --START--
INFO: Run Behavior\ReadHtmlCacheBehavior [ RunTime:0.000474s ]
INFO: [ app_begin ] --END-- [ RunTime:0.000519s ]
INFO: [ view_parse ] --START--
INFO: [ template_filter ] --START--
INFO: Run Behavior\ContentReplaceBehavior [ RunTime:0.000050s ]
INFO: [ template_filter ] --END-- [ RunTime:0.000122s ]
INFO: Run Behavior\ParseTemplateBehavior [ RunTime:0.021007s ]
INFO: [ view_parse ] --END-- [ RunTime:0.021055s ]
INFO: [ view_filter ] --START--
INFO: Run Behavior\WriteHtmlCacheBehavior [ RunTime:0.000194s ]
INFO: [ view_filter ] --END-- [ RunTime:0.000230s ]
INFO: [ app_end ] --START--
INFO: Run Behavior\ShowPageTraceBehavior [ RunTime:0.000600s ]
INFO: [ app_end ] --END-- [ RunTime:0.000641s ]

[ 2017-08-11T11:37:55+08:00 ] 192.168.37.178 /thinkphp_3.2.3_full/index.php/Admin/Login/dologin.html
INFO: [ app_init ] --START--
INFO: Run Behavior\BuildLiteBehavior [ RunTime:0.000011s ]
INFO: [ app_init ] --END-- [ RunTime:0.000320s ]
INFO: [ app_begin ] --START--
INFO: Run Behavior\ReadHtmlCacheBehavior [ RunTime:0.000383s ]
INFO: [ app_begin ] --END-- [ RunTime:0.000417s ]
SQL: SHOW COLUMNS FROM `yp_adminuser` [ RunTime:0.0202s ]
SQL: SELECT * FROM `yp_adminuser` WHERE `username` = 'admin' LIMIT 1   [ RunTime:0.0003s ]
INFO: [ view_parse ] --START--
INFO: [ template_filter ] --START--
INFO: Run Behavior\ContentReplaceBehavior [ RunTime:0.000020s ]
INFO: [ template_filter ] --END-- [ RunTime:0.000051s ]
INFO: Run Behavior\ParseTemplateBehavior [ RunTime:0.002983s ]
INFO: [ view_parse ] --END-- [ RunTime:0.003014s ]
INFO: [ view_filter ] --START--
INFO: Run Behavior\WriteHtmlCacheBehavior [ RunTime:0.000126s ]
INFO: [ view_filter ] --END-- [ RunTime:0.000144s ]
INFO: [ app_end ] --START--
INFO: Run Behavior\ShowPageTraceBehavior [ RunTime:0.000268s ]
INFO: [ app_end ] --END-- [ RunTime:0.000288s ]

[ 2017-08-11T11:37:56+08:00 ] 192.168.37.178 /thinkphp_3.2.3_full/index.php/Admin/Index/index.html
INFO: [ app_init ] --START--
INFO: Run Behavior\BuildLiteBehavior [ RunTime:0.000017s ]
INFO: [ app_init ] --END-- [ RunTime:0.000493s ]
INFO: [ app_begin ] --START--
INFO: Run Behavior\ReadHtmlCacheBehavior [ RunTime:0.000830s ]
INFO: [ app_begin ] --END-- [ RunTime:0.000901s ]
SQL: SHOW COLUMNS FROM `yp_orders` [ RunTime:0.0007s ]
SQL: SELECT `total` FROM `yp_orders` WHERE `status` = 2  [ RunTime:0.0003s ]
SQL: SELECT COUNT(*) AS tp_count FROM `yp_orders` LIMIT 1   [ RunTime:0.0002s ]
SQL: SHOW COLUMNS FROM `yp_goods` [ RunTime:0.0012s ]
SQL: SELECT COUNT(*) AS tp_count FROM `yp_goods` LIMIT 1   [ RunTime:0.0002s ]
SQL: SHOW COLUMNS FROM `yp_user` [ RunTime:0.0005s ]
SQL: SELECT COUNT(*) AS tp_count FROM `yp_user` LIMIT 1   [ RunTime:0.0002s ]
SQL: SELECT `goods_name`,`goods_status`,`buynum`,`pic_path` FROM `yp_goods` ORDER BY buynum desc LIMIT 8   [ RunTime:0.0003s ]
SQL: SELECT `username`,`userpic`,`phone`,`status` FROM `yp_user` LIMIT 8   [ RunTime:0.0002s ]
INFO: [ view_parse ] --START--
INFO: [ template_filter ] --START--
INFO: Run Behavior\ContentReplaceBehavior [ RunTime:0.000207s ]
INFO: [ template_filter ] --END-- [ RunTime:0.000362s ]
INFO: Run Behavior\ParseTemplateBehavior [ RunTime:0.011016s ]
INFO: [ view_parse ] --END-- [ RunTime:0.011065s ]
INFO: [ view_filter ] --START--
INFO: Run Behavior\WriteHtmlCacheBehavior [ RunTime:0.000158s ]
INFO: [ view_filter ] --END-- [ RunTime:0.000195s ]
INFO: [ app_end ] --START--
INFO: Run Behavior\ShowPageTraceBehavior [ RunTime:0.000575s ]
INFO: [ app_end ] --END-- [ RunTime:0.000641s ]

[ 2017-08-11T11:38:02+08:00 ] 192.168.37.178 /thinkphp_3.2.3_full/index.php/Admin/Classify/showClassify.html
INFO: [ app_init ] --START--
INFO: Run Behavior\BuildLiteBehavior [ RunTime:0.000014s ]
INFO: [ app_init ] --END-- [ RunTime:0.000661s ]
INFO: [ app_begin ] --START--
INFO: Run Behavior\ReadHtmlCacheBehavior [ RunTime:0.000451s ]
INFO: [ app_begin ] --END-- [ RunTime:0.000487s ]
SQL: SHOW COLUMNS FROM `yp_auth_group_access` [ RunTime:0.0013s ]
SQL: SELECT `uid`,`group_id`,`title`,`rules` FROM yp_auth_group_access a INNER JOIN yp_auth_group g on a.group_id=g.id  WHERE ( a.uid='1' and g.status='1' )  [ RunTime:0.0004s ]
SQL: SHOW COLUMNS FROM `yp_auth_rule` [ RunTime:0.0005s ]
SQL: SELECT `condition`,`name` FROM `yp_auth_rule` WHERE `id` IN ('1','62','18','19','20','21','64','65','66','22','23','24','25','26','27','49','50','51','28','29','30','31','32','33','34','35','52','53','36','37','38','39','40','2','3','4','5','7','8','9','10','11','12','13','57','58','41','42','43','44','45','46','47','48','14','15','16','17','54','55','56') AND `type` = 1 AND `status` = 1  [ RunTime:0.0006s ]
SQL: SHOW COLUMNS FROM `yp_first_sort` [ RunTime:0.0005s ]
SQL: SELECT `id`,`name` FROM `yp_first_sort`  [ RunTime:0.0002s ]
INFO: [ view_parse ] --START--
INFO: [ template_filter ] --START--
INFO: Run Behavior\ContentReplaceBehavior [ RunTime:0.000279s ]
INFO: [ template_filter ] --END-- [ RunTime:0.000358s ]
INFO: Run Behavior\ParseTemplateBehavior [ RunTime:0.055433s ]
INFO: [ view_parse ] --END-- [ RunTime:0.055487s ]
INFO: [ view_filter ] --START--
INFO: Run Behavior\WriteHtmlCacheBehavior [ RunTime:0.000354s ]
INFO: [ view_filter ] --END-- [ RunTime:0.000411s ]
INFO: [ app_end ] --START--
INFO: Run Behavior\ShowPageTraceBehavior [ RunTime:0.001070s ]
INFO: [ app_end ] --END-- [ RunTime:0.001165s ]

[ 2017-08-11T11:38:08+08:00 ] 192.168.37.178 /thinkphp_3.2.3_full/index.php/Admin/Classify/addClassify.html
INFO: [ app_init ] --START--
INFO: Run Behavior\BuildLiteBehavior [ RunTime:0.000018s ]
INFO: [ app_init ] --END-- [ RunTime:0.000581s ]
INFO: [ app_begin ] --START--
INFO: Run Behavior\ReadHtmlCacheBehavior [ RunTime:0.000602s ]
INFO: [ app_begin ] --END-- [ RunTime:0.000658s ]
SQL: SHOW COLUMNS FROM `yp_auth_group_access` [ RunTime:0.0008s ]
SQL: SELECT `uid`,`group_id`,`title`,`rules` FROM yp_auth_group_access a INNER JOIN yp_auth_group g on a.group_id=g.id  WHERE ( a.uid='1' and g.status='1' )  [ RunTime:0.0006s ]
SQL: SHOW COLUMNS FROM `yp_auth_rule` [ RunTime:0.0008s ]
SQL: SELECT `condition`,`name` FROM `yp_auth_rule` WHERE `id` IN ('1','62','18','19','20','21','64','65','66','22','23','24','25','26','27','49','50','51','28','29','30','31','32','33','34','35','52','53','36','37','38','39','40','2','3','4','5','7','8','9','10','11','12','13','57','58','41','42','43','44','45','46','47','48','14','15','16','17','54','55','56') AND `type` = 1 AND `status` = 1  [ RunTime:0.0006s ]
SQL: SHOW COLUMNS FROM `yp_first_sort` [ RunTime:0.0008s ]
SQL: SELECT `name`,`id` FROM `yp_first_sort`  [ RunTime:0.0002s ]
INFO: [ view_parse ] --START--
INFO: [ template_filter ] --START--
INFO: Run Behavior\ContentReplaceBehavior [ RunTime:0.000112s ]
INFO: [ template_filter ] --END-- [ RunTime:0.000161s ]
INFO: Run Behavior\ParseTemplateBehavior [ RunTime:0.036841s ]
INFO: [ view_parse ] --END-- [ RunTime:0.036884s ]
INFO: [ view_filter ] --START--
INFO: Run Behavior\WriteHtmlCacheBehavior [ RunTime:0.000199s ]
INFO: [ view_filter ] --END-- [ RunTime:0.000224s ]
INFO: [ app_end ] --START--
INFO: Run Behavior\ShowPageTraceBehavior [ RunTime:0.000700s ]
INFO: [ app_end ] --END-- [ RunTime:0.000757s ]

[ 2017-08-11T11:38:18+08:00 ] 192.168.37.178 /thinkphp_3.2.3_full/index.php/Admin/Classify/addClassify.html
INFO: [ app_init ] --START--
INFO: Run Behavior\BuildLiteBehavior [ RunTime:0.000016s ]
INFO: [ app_init ] --END-- [ RunTime:0.000488s ]
INFO: [ app_begin ] --START--
INFO: Run Behavior\ReadHtmlCacheBehavior [ RunTime:0.000607s ]
INFO: [ app_begin ] --END-- [ RunTime:0.000659s ]
SQL: SHOW COLUMNS FROM `yp_auth_group_access` [ RunTime:0.0008s ]
SQL: SELECT `uid`,`group_id`,`title`,`rules` FROM yp_auth_group_access a INNER JOIN yp_auth_group g on a.group_id=g.id  WHERE ( a.uid='1' and g.status='1' )  [ RunTime:0.0005s ]
SQL: SHOW COLUMNS FROM `yp_auth_rule` [ RunTime:0.0007s ]
SQL: SELECT `condition`,`name` FROM `yp_auth_rule` WHERE `id` IN ('1','62','18','19','20','21','64','65','66','22','23','24','25','26','27','49','50','51','28','29','30','31','32','33','34','35','52','53','36','37','38','39','40','2','3','4','5','7','8','9','10','11','12','13','57','58','41','42','43','44','45','46','47','48','14','15','16','17','54','55','56') AND `type` = 1 AND `status` = 1  [ RunTime:0.0006s ]
SQL: SHOW COLUMNS FROM `yp_second_sort` [ RunTime:0.0007s ]
SQL: SELECT * FROM `yp_second_sort` WHERE `name` = '印花邪猎' LIMIT 1   [ RunTime:0.0004s ]
SQL: INSERT INTO `yp_second_sort` (`name`,`first_sort_id`) VALUES ('印花邪猎','9') [ RunTime:0.0562s ]
INFO: [ view_parse ] --START--
INFO: [ template_filter ] --START--
INFO: Run Behavior\ContentReplaceBehavior [ RunTime:0.000044s ]
INFO: [ template_filter ] --END-- [ RunTime:0.000172s ]
INFO: Run Behavior\ParseTemplateBehavior [ RunTime:0.007676s ]
INFO: [ view_parse ] --END-- [ RunTime:0.007734s ]
INFO: [ view_filter ] --START--
INFO: Run Behavior\WriteHtmlCacheBehavior [ RunTime:0.000203s ]
INFO: [ view_filter ] --END-- [ RunTime:0.000249s ]

[ 2017-08-11T11:38:19+08:00 ] 192.168.37.178 /thinkphp_3.2.3_full/index.php/Admin/Classify/showClassify
INFO: [ app_init ] --START--
INFO: Run Behavior\BuildLiteBehavior [ RunTime:0.000017s ]
INFO: [ app_init ] --END-- [ RunTime:0.000497s ]
INFO: [ app_begin ] --START--
INFO: Run Behavior\ReadHtmlCacheBehavior [ RunTime:0.000633s ]
INFO: [ app_begin ] --END-- [ RunTime:0.000689s ]
SQL: SHOW COLUMNS FROM `yp_auth_group_access` [ RunTime:0.0008s ]
SQL: SELECT `uid`,`group_id`,`title`,`rules` FROM yp_auth_group_access a INNER JOIN yp_auth_group g on a.group_id=g.id  WHERE ( a.uid='1' and g.status='1' )  [ RunTime:0.0004s ]
SQL: SHOW COLUMNS FROM `yp_auth_rule` [ RunTime:0.0006s ]
SQL: SELECT `condition`,`name` FROM `yp_auth_rule` WHERE `id` IN ('1','62','18','19','20','21','64','65','66','22','23','24','25','26','27','49','50','51','28','29','30','31','32','33','34','35','52','53','36','37','38','39','40','2','3','4','5','7','8','9','10','11','12','13','57','58','41','42','43','44','45','46','47','48','14','15','16','17','54','55','56') AND `type` = 1 AND `status` = 1  [ RunTime:0.0006s ]
SQL: SHOW COLUMNS FROM `yp_first_sort` [ RunTime:0.0011s ]
SQL: SELECT `id`,`name` FROM `yp_first_sort`  [ RunTime:0.0003s ]
INFO: [ view_parse ] --START--
INFO: [ template_filter ] --START--
INFO: Run Behavior\ContentReplaceBehavior [ RunTime:0.000248s ]
INFO: [ template_filter ] --END-- [ RunTime:0.000310s ]
INFO: Run Behavior\ParseTemplateBehavior [ RunTime:0.012859s ]
INFO: [ view_parse ] --END-- [ RunTime:0.012910s ]
INFO: [ view_filter ] --START--
INFO: Run Behavior\WriteHtmlCacheBehavior [ RunTime:0.000195s ]
INFO: [ view_filter ] --END-- [ RunTime:0.000237s ]
INFO: [ app_end ] --START--
INFO: Run Behavior\ShowPageTraceBehavior [ RunTime:0.000589s ]
INFO: [ app_end ] --END-- [ RunTime:0.000627s ]

[ 2017-08-11T11:38:24+08:00 ] 192.168.37.178 /thinkphp_3.2.3_full/index.php/Admin/Classify/ajaxshowClassify
INFO: [ app_init ] --START--
INFO: Run Behavior\BuildLiteBehavior [ RunTime:0.000016s ]
INFO: [ app_init ] --END-- [ RunTime:0.000408s ]
INFO: [ app_begin ] --START--
INFO: Run Behavior\ReadHtmlCacheBehavior [ RunTime:0.000573s ]
INFO: [ app_begin ] --END-- [ RunTime:0.000621s ]
SQL: SHOW COLUMNS FROM `yp_auth_group_access` [ RunTime:0.0008s ]
SQL: SELECT `uid`,`group_id`,`title`,`rules` FROM yp_auth_group_access a INNER JOIN yp_auth_group g on a.group_id=g.id  WHERE ( a.uid='1' and g.status='1' )  [ RunTime:0.0005s ]
SQL: SHOW COLUMNS FROM `yp_auth_rule` [ RunTime:0.0006s ]
SQL: SELECT `condition`,`name` FROM `yp_auth_rule` WHERE `id` IN ('1','62','18','19','20','21','64','65','66','22','23','24','25','26','27','49','50','51','28','29','30','31','32','33','34','35','52','53','36','37','38','39','40','2','3','4','5','7','8','9','10','11','12','13','57','58','41','42','43','44','45','46','47','48','14','15','16','17','54','55','56') AND `type` = 1 AND `status` = 1  [ RunTime:0.0006s ]
SQL: SHOW COLUMNS FROM `yp_second_sort` [ RunTime:0.0006s ]
SQL: SELECT `id`,`name` FROM `yp_second_sort` WHERE `first_sort_id` = 10  [ RunTime:0.0003s ]

[ 2017-08-11T11:38:25+08:00 ] 192.168.37.178 /thinkphp_3.2.3_full/index.php/Admin/Classify/ajaxshowClassify
INFO: [ app_init ] --START--
INFO: Run Behavior\BuildLiteBehavior [ RunTime:0.000018s ]
INFO: [ app_init ] --END-- [ RunTime:0.000443s ]
INFO: [ app_begin ] --START--
INFO: Run Behavior\ReadHtmlCacheBehavior [ RunTime:0.000575s ]
INFO: [ app_begin ] --END-- [ RunTime:0.000627s ]
SQL: SHOW COLUMNS FROM `yp_auth_group_access` [ RunTime:0.0004s ]
SQL: SELECT `uid`,`group_id`,`title`,`rules` FROM yp_auth_group_access a INNER JOIN yp_auth_group g on a.group_id=g.id  WHERE ( a.uid='1' and g.status='1' )  [ RunTime:0.0002s ]
SQL: SHOW COLUMNS FROM `yp_auth_rule` [ RunTime:0.0003s ]
SQL: SELECT `condition`,`name` FROM `yp_auth_rule` WHERE `id` IN ('1','62','18','19','20','21','64','65','66','22','23','24','25','26','27','49','50','51','28','29','30','31','32','33','34','35','52','53','36','37','38','39','40','2','3','4','5','7','8','9','10','11','12','13','57','58','41','42','43','44','45','46','47','48','14','15','16','17','54','55','56') AND `type` = 1 AND `status` = 1  [ RunTime:0.0004s ]
SQL: SHOW COLUMNS FROM `yp_second_sort` [ RunTime:0.0003s ]
SQL: SELECT `id`,`name` FROM `yp_second_sort` WHERE `first_sort_id` = 9  [ RunTime:0.0001s ]

[ 2017-08-11T11:38:29+08:00 ] 192.168.37.178 /thinkphp_3.2.3_full/index.php/Admin/Classify/deletesecondClassify
INFO: [ app_init ] --START--
INFO: Run Behavior\BuildLiteBehavior [ RunTime:0.000016s ]
INFO: [ app_init ] --END-- [ RunTime:0.000492s ]
INFO: [ app_begin ] --START--
INFO: Run Behavior\ReadHtmlCacheBehavior [ RunTime:0.000626s ]
INFO: [ app_begin ] --END-- [ RunTime:0.000679s ]
SQL: SHOW COLUMNS FROM `yp_auth_group_access` [ RunTime:0.0012s ]
SQL: SELECT `uid`,`group_id`,`title`,`rules` FROM yp_auth_group_access a INNER JOIN yp_auth_group g on a.group_id=g.id  WHERE ( a.uid='1' and g.status='1' )  [ RunTime:0.0005s ]
SQL: SHOW COLUMNS FROM `yp_auth_rule` [ RunTime:0.0008s ]
SQL: SELECT `condition`,`name` FROM `yp_auth_rule` WHERE `id` IN ('1','62','18','19','20','21','64','65','66','22','23','24','25','26','27','49','50','51','28','29','30','31','32','33','34','35','52','53','36','37','38','39','40','2','3','4','5','7','8','9','10','11','12','13','57','58','41','42','43','44','45','46','47','48','14','15','16','17','54','55','56') AND `type` = 1 AND `status` = 1  [ RunTime:0.0006s ]
SQL: SHOW COLUMNS FROM `yp_goods` [ RunTime:0.0008s ]
SQL: SELECT `id` FROM `yp_goods` WHERE `second_sort_id` = 26 LIMIT 1   [ RunTime:0.0003s ]
SQL: SHOW COLUMNS FROM `yp_second_sort` [ RunTime:0.0008s ]
SQL: DELETE FROM `yp_second_sort` WHERE `id` = 26 [ RunTime:0.0369s ]

[ 2017-08-11T11:38:32+08:00 ] 192.168.37.178 /thinkphp_3.2.3_full/index.php/Admin/Classify/changesecondClassify/id/20
INFO: [ app_init ] --START--
INFO: Run Behavior\BuildLiteBehavior [ RunTime:0.000017s ]
INFO: [ app_init ] --END-- [ RunTime:0.000441s ]
INFO: [ app_begin ] --START--
INFO: Run Behavior\ReadHtmlCacheBehavior [ RunTime:0.000572s ]
INFO: [ app_begin ] --END-- [ RunTime:0.000627s ]
SQL: SHOW COLUMNS FROM `yp_auth_group_access` [ RunTime:0.0005s ]
SQL: SELECT `uid`,`group_id`,`title`,`rules` FROM yp_auth_group_access a INNER JOIN yp_auth_group g on a.group_id=g.id  WHERE ( a.uid='1' and g.status='1' )  [ RunTime:0.0003s ]
SQL: SHOW COLUMNS FROM `yp_auth_rule` [ RunTime:0.0004s ]
SQL: SELECT `condition`,`name` FROM `yp_auth_rule` WHERE `id` IN ('1','62','18','19','20','21','64','65','66','22','23','24','25','26','27','49','50','51','28','29','30','31','32','33','34','35','52','53','36','37','38','39','40','2','3','4','5','7','8','9','10','11','12','13','57','58','41','42','43','44','45','46','47','48','14','15','16','17','54','55','56') AND `type` = 1 AND `status` = 1  [ RunTime:0.0004s ]
SQL: SHOW COLUMNS FROM `yp_second_sort` [ RunTime:0.0004s ]
SQL: SELECT `id`,`name` FROM `yp_second_sort` WHERE `id` = 20 LIMIT 1   [ RunTime:0.0001s ]
INFO: [ view_parse ] --START--
INFO: [ template_filter ] --START--
INFO: Run Behavior\ContentReplaceBehavior [ RunTime:0.000115s ]
INFO: [ template_filter ] --END-- [ RunTime:0.000157s ]
INFO: Run Behavior\ParseTemplateBehavior [ RunTime:0.007655s ]
INFO: [ view_parse ] --END-- [ RunTime:0.007692s ]
INFO: [ view_filter ] --START--
INFO: Run Behavior\WriteHtmlCacheBehavior [ RunTime:0.000127s ]
INFO: [ view_filter ] --END-- [ RunTime:0.000154s ]
INFO: [ app_end ] --START--
INFO: Run Behavior\ShowPageTraceBehavior [ RunTime:0.000472s ]
INFO: [ app_end ] --END-- [ RunTime:0.000531s ]

[ 2017-08-11T11:39:16+08:00 ] 192.168.37.178 /thinkphp_3.2.3_full/index.php/Admin/Classify/ajaxshowClassify
INFO: [ app_init ] --START--
INFO: Run Behavior\BuildLiteBehavior [ RunTime:0.000018s ]
INFO: [ app_init ] --END-- [ RunTime:0.000481s ]
INFO: [ app_begin ] --START--
INFO: Run Behavior\ReadHtmlCacheBehavior [ RunTime:0.000712s ]
INFO: [ app_begin ] --END-- [ RunTime:0.000770s ]
SQL: SHOW COLUMNS FROM `yp_auth_group_access` [ RunTime:0.0004s ]
SQL: SELECT `uid`,`group_id`,`title`,`rules` FROM yp_auth_group_access a INNER JOIN yp_auth_group g on a.group_id=g.id  WHERE ( a.uid='1' and g.status='1' )  [ RunTime:0.0003s ]
SQL: SHOW COLUMNS FROM `yp_auth_rule` [ RunTime:0.0003s ]
SQL: SELECT `condition`,`name` FROM `yp_auth_rule` WHERE `id` IN ('1','62','18','19','20','21','64','65','66','22','23','24','25','26','27','49','50','51','28','29','30','31','32','33','34','35','52','53','36','37','38','39','40','2','3','4','5','7','8','9','10','11','12','13','57','58','41','42','43','44','45','46','47','48','14','15','16','17','54','55','56') AND `type` = 1 AND `status` = 1  [ RunTime:0.0003s ]
SQL: SHOW COLUMNS FROM `yp_second_sort` [ RunTime:0.0003s ]
SQL: SELECT `id`,`name` FROM `yp_second_sort` WHERE `first_sort_id` = 6  [ RunTime:0.0001s ]

[ 2017-08-11T11:39:22+08:00 ] 192.168.37.178 /thinkphp_3.2.3_full/index.php/Admin/Showgoods/showgood.html
INFO: [ app_init ] --START--
INFO: Run Behavior\BuildLiteBehavior [ RunTime:0.000012s ]
INFO: [ app_init ] --END-- [ RunTime:0.000326s ]
INFO: [ app_begin ] --START--
INFO: Run Behavior\ReadHtmlCacheBehavior [ RunTime:0.000351s ]
INFO: [ app_begin ] --END-- [ RunTime:0.000383s ]
SQL: SHOW COLUMNS FROM `yp_auth_group_access` [ RunTime:0.0004s ]
SQL: SELECT `uid`,`group_id`,`title`,`rules` FROM yp_auth_group_access a INNER JOIN yp_auth_group g on a.group_id=g.id  WHERE ( a.uid='1' and g.status='1' )  [ RunTime:0.0005s ]
SQL: SHOW COLUMNS FROM `yp_auth_rule` [ RunTime:0.0003s ]
SQL: SELECT `condition`,`name` FROM `yp_auth_rule` WHERE `id` IN ('1','62','18','19','20','21','64','65','66','22','23','24','25','26','27','49','50','51','28','29','30','31','32','33','34','35','52','53','36','37','38','39','40','2','3','4','5','7','8','9','10','11','12','13','57','58','41','42','43','44','45','46','47','48','14','15','16','17','54','55','56') AND `type` = 1 AND `status` = 1  [ RunTime:0.0003s ]
SQL: SHOW COLUMNS FROM `yp_goods` [ RunTime:0.0004s ]
SQL: SELECT COUNT(*) AS tp_count FROM `yp_goods` LIMIT 1   [ RunTime:0.0001s ]
SQL: SELECT `id`,`store`,`goods_name`,`goods_status`,`buynum`,`clicknum`,`pic_path` FROM `yp_goods` LIMIT 0,5   [ RunTime:0.0001s ]
SQL: SHOW COLUMNS FROM `yp_first_sort` [ RunTime:0.0003s ]
SQL: SELECT `id`,`name` FROM `yp_first_sort`  [ RunTime:0.0001s ]
INFO: [ view_parse ] --START--
INFO: [ template_filter ] --START--
INFO: Run Behavior\ContentReplaceBehavior [ RunTime:0.000130s ]
INFO: [ template_filter ] --END-- [ RunTime:0.000162s ]
NOTIC: [8] Undefined index: p /usr/local/apache2/htdocs/thinkphp_3.2.3_full/Application/Runtime/Cache/Admin/b6367577fcdd0f7755f6526b5c3ef4ab.php 第 267 行.
NOTIC: [8] Undefined index: firstsortId /usr/local/apache2/htdocs/thinkphp_3.2.3_full/Application/Runtime/Cache/Admin/b6367577fcdd0f7755f6526b5c3ef4ab.php 第 298 行.
NOTIC: [8] Undefined index: firstsortId /usr/local/apache2/htdocs/thinkphp_3.2.3_full/Application/Runtime/Cache/Admin/b6367577fcdd0f7755f6526b5c3ef4ab.php 第 300 行.
NOTIC: [8] Undefined index: firstsortId /usr/local/apache2/htdocs/thinkphp_3.2.3_full/Application/Runtime/Cache/Admin/b6367577fcdd0f7755f6526b5c3ef4ab.php 第 300 行.
NOTIC: [8] Undefined index: firstsortId /usr/local/apache2/htdocs/thinkphp_3.2.3_full/Application/Runtime/Cache/Admin/b6367577fcdd0f7755f6526b5c3ef4ab.php 第 300 行.
NOTIC: [8] Undefined index: firstsortId /usr/local/apache2/htdocs/thinkphp_3.2.3_full/Application/Runtime/Cache/Admin/b6367577fcdd0f7755f6526b5c3ef4ab.php 第 300 行.
NOTIC: [8] Undefined index: firstsortId /usr/local/apache2/htdocs/thinkphp_3.2.3_full/Application/Runtime/Cache/Admin/b6367577fcdd0f7755f6526b5c3ef4ab.php 第 300 行.
NOTIC: [8] Undefined index: firstsortId /usr/local/apache2/htdocs/thinkphp_3.2.3_full/Application/Runtime/Cache/Admin/b6367577fcdd0f7755f6526b5c3ef4ab.php 第 300 行.
NOTIC: [8] Undefined index: firstsortId /usr/local/apache2/htdocs/thinkphp_3.2.3_full/Application/Runtime/Cache/Admin/b6367577fcdd0f7755f6526b5c3ef4ab.php 第 300 行.
NOTIC: [8] Undefined index: firstsortId /usr/local/apache2/htdocs/thinkphp_3.2.3_full/Application/Runtime/Cache/Admin/b6367577fcdd0f7755f6526b5c3ef4ab.php 第 300 行.
NOTIC: [8] Undefined index: firstsortId /usr/local/apache2/htdocs/thinkphp_3.2.3_full/Application/Runtime/Cache/Admin/b6367577fcdd0f7755f6526b5c3ef4ab.php 第 300 行.
NOTIC: [8] Undefined index: firstsortId /usr/local/apache2/htdocs/thinkphp_3.2.3_full/Application/Runtime/Cache/Admin/b6367577fcdd0f7755f6526b5c3ef4ab.php 第 300 行.
NOTIC: [8] Undefined index: secondsortId /usr/local/apache2/htdocs/thinkphp_3.2.3_full/Application/Runtime/Cache/Admin/b6367577fcdd0f7755f6526b5c3ef4ab.php 第 306 行.
NOTIC: [8] Undefined index: searchData /usr/local/apache2/htdocs/thinkphp_3.2.3_full/Application/Runtime/Cache/Admin/b6367577fcdd0f7755f6526b5c3ef4ab.php 第 313 行.
INFO: Run Behavior\ParseTemplateBehavior [ RunTime:0.007648s ]
INFO: [ view_parse ] --END-- [ RunTime:0.007670s ]
INFO: [ view_filter ] --START--
INFO: Run Behavior\WriteHtmlCacheBehavior [ RunTime:0.000093s ]
INFO: [ view_filter ] --END-- [ RunTime:0.000112s ]
INFO: [ app_end ] --START--
INFO: Run Behavior\ShowPageTraceBehavior [ RunTime:0.000388s ]
INFO: [ app_end ] --END-- [ RunTime:0.000441s ]

[ 2017-08-11T11:40:25+08:00 ] 192.168.37.178 /thinkphp_3.2.3_full/index.php/Admin/Showgoods/showgood/p/7.html
INFO: [ app_init ] --START--
INFO: Run Behavior\BuildLiteBehavior [ RunTime:0.000019s ]
INFO: [ app_init ] --END-- [ RunTime:0.000506s ]
INFO: [ app_begin ] --START--
INFO: Run Behavior\ReadHtmlCacheBehavior [ RunTime:0.000671s ]
INFO: [ app_begin ] --END-- [ RunTime:0.000730s ]
SQL: SHOW COLUMNS FROM `yp_auth_group_access` [ RunTime:0.0008s ]
SQL: SELECT `uid`,`group_id`,`title`,`rules` FROM yp_auth_group_access a INNER JOIN yp_auth_group g on a.group_id=g.id  WHERE ( a.uid='1' and g.status='1' )  [ RunTime:0.0006s ]
SQL: SHOW COLUMNS FROM `yp_auth_rule` [ RunTime:0.0008s ]
SQL: SELECT `condition`,`name` FROM `yp_auth_rule` WHERE `id` IN ('1','62','18','19','20','21','64','65','66','22','23','24','25','26','27','49','50','51','28','29','30','31','32','33','34','35','52','53','36','37','38','39','40','2','3','4','5','7','8','9','10','11','12','13','57','58','41','42','43','44','45','46','47','48','14','15','16','17','54','55','56') AND `type` = 1 AND `status` = 1  [ RunTime:0.0007s ]
SQL: SHOW COLUMNS FROM `yp_goods` [ RunTime:0.0009s ]
SQL: SELECT COUNT(*) AS tp_count FROM `yp_goods` LIMIT 1   [ RunTime:0.0003s ]
SQL: SELECT `id`,`store`,`goods_name`,`goods_status`,`buynum`,`clicknum`,`pic_path` FROM `yp_goods` LIMIT 30,5   [ RunTime:0.0003s ]
SQL: SHOW COLUMNS FROM `yp_first_sort` [ RunTime:0.0007s ]
SQL: SELECT `id`,`name` FROM `yp_first_sort`  [ RunTime:0.0003s ]
INFO: [ view_parse ] --START--
INFO: [ template_filter ] --START--
INFO: Run Behavior\ContentReplaceBehavior [ RunTime:0.000317s ]
INFO: [ template_filter ] --END-- [ RunTime:0.000453s ]
NOTIC: [8] Undefined index: firstsortId /usr/local/apache2/htdocs/thinkphp_3.2.3_full/Application/Runtime/Cache/Admin/b6367577fcdd0f7755f6526b5c3ef4ab.php 第 298 行.
NOTIC: [8] Undefined index: firstsortId /usr/local/apache2/htdocs/thinkphp_3.2.3_full/Application/Runtime/Cache/Admin/b6367577fcdd0f7755f6526b5c3ef4ab.php 第 300 行.
NOTIC: [8] Undefined index: firstsortId /usr/local/apache2/htdocs/thinkphp_3.2.3_full/Application/Runtime/Cache/Admin/b6367577fcdd0f7755f6526b5c3ef4ab.php 第 300 行.
NOTIC: [8] Undefined index: firstsortId /usr/local/apache2/htdocs/thinkphp_3.2.3_full/Application/Runtime/Cache/Admin/b6367577fcdd0f7755f6526b5c3ef4ab.php 第 300 行.
NOTIC: [8] Undefined index: firstsortId /usr/local/apache2/htdocs/thinkphp_3.2.3_full/Application/Runtime/Cache/Admin/b6367577fcdd0f7755f6526b5c3ef4ab.php 第 300 行.
NOTIC: [8] Undefined index: firstsortId /usr/local/apache2/htdocs/thinkphp_3.2.3_full/Application/Runtime/Cache/Admin/b6367577fcdd0f7755f6526b5c3ef4ab.php 第 300 行.
NOTIC: [8] Undefined index: firstsortId /usr/local/apache2/htdocs/thinkphp_3.2.3_full/Application/Runtime/Cache/Admin/b6367577fcdd0f7755f6526b5c3ef4ab.php 第 300 行.
NOTIC: [8] Undefined index: firstsortId /usr/local/apache2/htdocs/thinkphp_3.2.3_full/Application/Runtime/Cache/Admin/b6367577fcdd0f7755f6526b5c3ef4ab.php 第 300 行.
NOTIC: [8] Undefined index: firstsortId /usr/local/apache2/htdocs/thinkphp_3.2.3_full/Application/Runtime/Cache/Admin/b6367577fcdd0f7755f6526b5c3ef4ab.php 第 300 行.
NOTIC: [8] Undefined index: firstsortId /usr/local/apache2/htdocs/thinkphp_3.2.3_full/Application/Runtime/Cache/Admin/b6367577fcdd0f7755f6526b5c3ef4ab.php 第 300 行.
NOTIC: [8] Undefined index: firstsortId /usr/local/apache2/htdocs/thinkphp_3.2.3_full/Application/Runtime/Cache/Admin/b6367577fcdd0f7755f6526b5c3ef4ab.php 第 300 行.
NOTIC: [8] Undefined index: secondsortId /usr/local/apache2/htdocs/thinkphp_3.2.3_full/Application/Runtime/Cache/Admin/b6367577fcdd0f7755f6526b5c3ef4ab.php 第 306 行.
NOTIC: [8] Undefined index: searchData /usr/local/apache2/htdocs/thinkphp_3.2.3_full/Application/Runtime/Cache/Admin/b6367577fcdd0f7755f6526b5c3ef4ab.php 第 313 行.
INFO: Run Behavior\ParseTemplateBehavior [ RunTime:0.029476s ]
INFO: [ view_parse ] --END-- [ RunTime:0.029532s ]
INFO: [ view_filter ] --START--
INFO: Run Behavior\WriteHtmlCacheBehavior [ RunTime:0.000234s ]
INFO: [ view_filter ] --END-- [ RunTime:0.000277s ]
INFO: [ app_end ] --START--
INFO: Run Behavior\ShowPageTraceBehavior [ RunTime:0.000388s ]
INFO: [ app_end ] --END-- [ RunTime:0.000439s ]

[ 2017-08-11T11:40:28+08:00 ] 192.168.37.178 /thinkphp_3.2.3_full/index.php/Admin/Changegoods/changeGood/id/35/page/7
INFO: [ app_init ] --START--
INFO: Run Behavior\BuildLiteBehavior [ RunTime:0.000016s ]
INFO: [ app_init ] --END-- [ RunTime:0.000459s ]
INFO: [ app_begin ] --START--
INFO: Run Behavior\ReadHtmlCacheBehavior [ RunTime:0.000583s ]
INFO: [ app_begin ] --END-- [ RunTime:0.000633s ]
SQL: SHOW COLUMNS FROM `yp_auth_group_access` [ RunTime:0.0007s ]
SQL: SELECT `uid`,`group_id`,`title`,`rules` FROM yp_auth_group_access a INNER JOIN yp_auth_group g on a.group_id=g.id  WHERE ( a.uid='1' and g.status='1' )  [ RunTime:0.0004s ]
SQL: SHOW COLUMNS FROM `yp_auth_rule` [ RunTime:0.0007s ]
SQL: SELECT `condition`,`name` FROM `yp_auth_rule` WHERE `id` IN ('1','62','18','19','20','21','64','65','66','22','23','24','25','26','27','49','50','51','28','29','30','31','32','33','34','35','52','53','36','37','38','39','40','2','3','4','5','7','8','9','10','11','12','13','57','58','41','42','43','44','45','46','47','48','14','15','16','17','54','55','56') AND `type` = 1 AND `status` = 1  [ RunTime:0.0006s ]
SQL: SHOW COLUMNS FROM `yp_goods` [ RunTime:0.0004s ]
SQL: SELECT `goods_name` FROM `yp_goods` WHERE `id` = 35 LIMIT 1   [ RunTime:0.0139s ]
SQL: SHOW COLUMNS FROM `yp_goods_detail` [ RunTime:0.0005s ]
SQL: SELECT `length`,`seeve_length`,`material`,`collar`,`sleeve_type` FROM `yp_goods_detail` WHERE `goods_id` = 35 LIMIT 1   [ RunTime:0.0042s ]
SQL: SHOW COLUMNS FROM `yp_goods_pictures` [ RunTime:0.0004s ]
SQL: SELECT `pic_path1`,`pic_path2`,`pic_path3`,`pic_path4`,`pic_path5` FROM `yp_goods_pictures` WHERE `goods_id` = 35 LIMIT 1   [ RunTime:0.0001s ]
SQL: SHOW COLUMNS FROM `yp_goods_detail_pictures` [ RunTime:0.0003s ]
SQL: SELECT `pic_path1`,`pic_path2`,`pic_path3`,`pic_path4`,`pic_path5` FROM `yp_goods_detail_pictures` WHERE `goods_id` = 35 LIMIT 1   [ RunTime:0.0002s ]
INFO: [ view_parse ] --START--
INFO: [ template_filter ] --START--
INFO: Run Behavior\ContentReplaceBehavior [ RunTime:0.000185s ]
INFO: [ template_filter ] --END-- [ RunTime:0.000226s ]
NOTIC: [8] Undefined variable: session /usr/local/apache2/htdocs/thinkphp_3.2.3_full/Application/Runtime/Cache/Admin/c7ef0dbcc59513a68d31fe17587125b7.php 第 83 行.
INFO: Run Behavior\ParseTemplateBehavior [ RunTime:0.008257s ]
INFO: [ view_parse ] --END-- [ RunTime:0.008284s ]
INFO: [ view_filter ] --START--
INFO: Run Behavior\WriteHtmlCacheBehavior [ RunTime:0.000120s ]
INFO: [ view_filter ] --END-- [ RunTime:0.000144s ]
INFO: [ app_end ] --START--
INFO: Run Behavior\ShowPageTraceBehavior [ RunTime:0.000420s ]
INFO: [ app_end ] --END-- [ RunTime:0.000466s ]

[ 2017-08-11T11:40:32+08:00 ] 192.168.37.178 /thinkphp_3.2.3_full/index.php/Admin/Showgoods/showgood/p/7
INFO: [ app_init ] --START--
INFO: Run Behavior\BuildLiteBehavior [ RunTime:0.000017s ]
INFO: [ app_init ] --END-- [ RunTime:0.000496s ]
INFO: [ app_begin ] --START--
INFO: Run Behavior\ReadHtmlCacheBehavior [ RunTime:0.000683s ]
INFO: [ app_begin ] --END-- [ RunTime:0.000738s ]
SQL: SHOW COLUMNS FROM `yp_auth_group_access` [ RunTime:0.0004s ]
SQL: SELECT `uid`,`group_id`,`title`,`rules` FROM yp_auth_group_access a INNER JOIN yp_auth_group g on a.group_id=g.id  WHERE ( a.uid='1' and g.status='1' )  [ RunTime:0.0003s ]
SQL: SHOW COLUMNS FROM `yp_auth_rule` [ RunTime:0.0003s ]
SQL: SELECT `condition`,`name` FROM `yp_auth_rule` WHERE `id` IN ('1','62','18','19','20','21','64','65','66','22','23','24','25','26','27','49','50','51','28','29','30','31','32','33','34','35','52','53','36','37','38','39','40','2','3','4','5','7','8','9','10','11','12','13','57','58','41','42','43','44','45','46','47','48','14','15','16','17','54','55','56') AND `type` = 1 AND `status` = 1  [ RunTime:0.0003s ]
SQL: SHOW COLUMNS FROM `yp_goods` [ RunTime:0.0003s ]
SQL: SELECT COUNT(*) AS tp_count FROM `yp_goods` LIMIT 1   [ RunTime:0.0001s ]
SQL: SELECT `id`,`store`,`goods_name`,`goods_status`,`buynum`,`clicknum`,`pic_path` FROM `yp_goods` LIMIT 30,5   [ RunTime:0.0001s ]
SQL: SHOW COLUMNS FROM `yp_first_sort` [ RunTime:0.0003s ]
SQL: SELECT `id`,`name` FROM `yp_first_sort`  [ RunTime:0.0001s ]
INFO: [ view_parse ] --START--
INFO: [ template_filter ] --START--
INFO: Run Behavior\ContentReplaceBehavior [ RunTime:0.000140s ]
INFO: [ template_filter ] --END-- [ RunTime:0.000173s ]
NOTIC: [8] Undefined index: firstsortId /usr/local/apache2/htdocs/thinkphp_3.2.3_full/Application/Runtime/Cache/Admin/b6367577fcdd0f7755f6526b5c3ef4ab.php 第 298 行.
NOTIC: [8] Undefined index: firstsortId /usr/local/apache2/htdocs/thinkphp_3.2.3_full/Application/Runtime/Cache/Admin/b6367577fcdd0f7755f6526b5c3ef4ab.php 第 300 行.
NOTIC: [8] Undefined index: firstsortId /usr/local/apache2/htdocs/thinkphp_3.2.3_full/Application/Runtime/Cache/Admin/b6367577fcdd0f7755f6526b5c3ef4ab.php 第 300 行.
NOTIC: [8] Undefined index: firstsortId /usr/local/apache2/htdocs/thinkphp_3.2.3_full/Application/Runtime/Cache/Admin/b6367577fcdd0f7755f6526b5c3ef4ab.php 第 300 行.
NOTIC: [8] Undefined index: firstsortId /usr/local/apache2/htdocs/thinkphp_3.2.3_full/Application/Runtime/Cache/Admin/b6367577fcdd0f7755f6526b5c3ef4ab.php 第 300 行.
NOTIC: [8] Undefined index: firstsortId /usr/local/apache2/htdocs/thinkphp_3.2.3_full/Application/Runtime/Cache/Admin/b6367577fcdd0f7755f6526b5c3ef4ab.php 第 300 行.
NOTIC: [8] Undefined index: firstsortId /usr/local/apache2/htdocs/thinkphp_3.2.3_full/Application/Runtime/Cache/Admin/b6367577fcdd0f7755f6526b5c3ef4ab.php 第 300 行.
NOTIC: [8] Undefined index: firstsortId /usr/local/apache2/htdocs/thinkphp_3.2.3_full/Application/Runtime/Cache/Admin/b6367577fcdd0f7755f6526b5c3ef4ab.php 第 300 行.
NOTIC: [8] Undefined index: firstsortId /usr/local/apache2/htdocs/thinkphp_3.2.3_full/Application/Runtime/Cache/Admin/b6367577fcdd0f7755f6526b5c3ef4ab.php 第 300 行.
NOTIC: [8] Undefined index: firstsortId /usr/local/apache2/htdocs/thinkphp_3.2.3_full/Application/Runtime/Cache/Admin/b6367577fcdd0f7755f6526b5c3ef4ab.php 第 300 行.
NOTIC: [8] Undefined index: firstsortId /usr/local/apache2/htdocs/thinkphp_3.2.3_full/Application/Runtime/Cache/Admin/b6367577fcdd0f7755f6526b5c3ef4ab.php 第 300 行.
NOTIC: [8] Undefined index: secondsortId /usr/local/apache2/htdocs/thinkphp_3.2.3_full/Application/Runtime/Cache/Admin/b6367577fcdd0f7755f6526b5c3ef4ab.php 第 306 行.
NOTIC: [8] Undefined index: searchData /usr/local/apache2/htdocs/thinkphp_3.2.3_full/Application/Runtime/Cache/Admin/b6367577fcdd0f7755f6526b5c3ef4ab.php 第 313 行.
INFO: Run Behavior\ParseTemplateBehavior [ RunTime:0.007031s ]
INFO: [ view_parse ] --END-- [ RunTime:0.007053s ]
INFO: [ view_filter ] --START--
INFO: Run Behavior\WriteHtmlCacheBehavior [ RunTime:0.000086s ]
INFO: [ view_filter ] --END-- [ RunTime:0.000104s ]
INFO: [ app_end ] --START--
INFO: Run Behavior\ShowPageTraceBehavior [ RunTime:0.000323s ]
INFO: [ app_end ] --END-- [ RunTime:0.000356s ]

[ 2017-08-11T12:49:19+08:00 ] 192.168.37.178 /thinkphp_3.2.3_full/index.php/Admin/Index/index.html
INFO: [ app_init ] --START--
INFO: Run Behavior\BuildLiteBehavior [ RunTime:0.000019s ]
INFO: [ app_init ] --END-- [ RunTime:0.000796s ]
INFO: [ app_begin ] --START--
INFO: Run Behavior\ReadHtmlCacheBehavior [ RunTime:0.000837s ]
INFO: [ app_begin ] --END-- [ RunTime:0.000903s ]

[ 2017-08-11T12:49:19+08:00 ] 192.168.37.178 /thinkphp_3.2.3_full/index.php/Admin/Login/login.html
INFO: [ app_init ] --START--
INFO: Run Behavior\BuildLiteBehavior [ RunTime:0.000016s ]
INFO: [ app_init ] --END-- [ RunTime:0.000435s ]
INFO: [ app_begin ] --START--
INFO: Run Behavior\ReadHtmlCacheBehavior [ RunTime:0.000576s ]
INFO: [ app_begin ] --END-- [ RunTime:0.000632s ]
INFO: [ view_parse ] --START--
INFO: [ template_filter ] --START--
INFO: Run Behavior\ContentReplaceBehavior [ RunTime:0.000027s ]
INFO: [ template_filter ] --END-- [ RunTime:0.000058s ]
INFO: Run Behavior\ParseTemplateBehavior [ RunTime:0.022878s ]
INFO: [ view_parse ] --END-- [ RunTime:0.022975s ]
INFO: [ view_filter ] --START--
INFO: Run Behavior\WriteHtmlCacheBehavior [ RunTime:0.000121s ]
INFO: [ view_filter ] --END-- [ RunTime:0.000143s ]
INFO: [ app_end ] --START--
INFO: Run Behavior\ShowPageTraceBehavior [ RunTime:0.000451s ]
INFO: [ app_end ] --END-- [ RunTime:0.000477s ]

[ 2017-08-11T12:49:25+08:00 ] 192.168.37.178 /thinkphp_3.2.3_full/index.php/Admin/Login/dologin.html
INFO: [ app_init ] --START--
INFO: Run Behavior\BuildLiteBehavior [ RunTime:0.000013s ]
INFO: [ app_init ] --END-- [ RunTime:0.000464s ]
INFO: [ app_begin ] --START--
INFO: Run Behavior\ReadHtmlCacheBehavior [ RunTime:0.000506s ]
INFO: [ app_begin ] --END-- [ RunTime:0.000544s ]
SQL: SHOW COLUMNS FROM `yp_adminuser` [ RunTime:0.0008s ]
SQL: SELECT * FROM `yp_adminuser` WHERE `username` = 'admin' LIMIT 1   [ RunTime:0.0002s ]
INFO: [ view_parse ] --START--
INFO: [ template_filter ] --START--
INFO: Run Behavior\ContentReplaceBehavior [ RunTime:0.000022s ]
INFO: [ template_filter ] --END-- [ RunTime:0.000054s ]
INFO: Run Behavior\ParseTemplateBehavior [ RunTime:0.003993s ]
INFO: [ view_parse ] --END-- [ RunTime:0.004025s ]
INFO: [ view_filter ] --START--
INFO: Run Behavior\WriteHtmlCacheBehavior [ RunTime:0.000088s ]
INFO: [ view_filter ] --END-- [ RunTime:0.000107s ]
INFO: [ app_end ] --START--
INFO: Run Behavior\ShowPageTraceBehavior [ RunTime:0.000312s ]
INFO: [ app_end ] --END-- [ RunTime:0.000335s ]

[ 2017-08-11T12:49:26+08:00 ] 192.168.37.178 /thinkphp_3.2.3_full/index.php/Admin/Index/index.html
INFO: [ app_init ] --START--
INFO: Run Behavior\BuildLiteBehavior [ RunTime:0.000015s ]
INFO: [ app_init ] --END-- [ RunTime:0.000436s ]
INFO: [ app_begin ] --START--
INFO: Run Behavior\ReadHtmlCacheBehavior [ RunTime:0.000318s ]
INFO: [ app_begin ] --END-- [ RunTime:0.000348s ]
SQL: SHOW COLUMNS FROM `yp_orders` [ RunTime:0.0007s ]
SQL: SELECT `total` FROM `yp_orders` WHERE `status` = 2  [ RunTime:0.0002s ]
SQL: SELECT COUNT(*) AS tp_count FROM `yp_orders` LIMIT 1   [ RunTime:0.0001s ]
SQL: SHOW COLUMNS FROM `yp_goods` [ RunTime:0.0006s ]
SQL: SELECT COUNT(*) AS tp_count FROM `yp_goods` LIMIT 1   [ RunTime:0.0001s ]
SQL: SHOW COLUMNS FROM `yp_user` [ RunTime:0.0007s ]
SQL: SELECT COUNT(*) AS tp_count FROM `yp_user` LIMIT 1   [ RunTime:0.0001s ]
SQL: SELECT `goods_name`,`goods_status`,`buynum`,`pic_path` FROM `yp_goods` ORDER BY buynum desc LIMIT 8   [ RunTime:0.0002s ]
SQL: SELECT `username`,`userpic`,`phone`,`status` FROM `yp_user` LIMIT 8   [ RunTime:0.0002s ]
INFO: [ view_parse ] --START--
INFO: [ template_filter ] --START--
INFO: Run Behavior\ContentReplaceBehavior [ RunTime:0.000150s ]
INFO: [ template_filter ] --END-- [ RunTime:0.000224s ]
INFO: Run Behavior\ParseTemplateBehavior [ RunTime:0.038539s ]
INFO: [ view_parse ] --END-- [ RunTime:0.038593s ]
INFO: [ view_filter ] --START--
INFO: Run Behavior\WriteHtmlCacheBehavior [ RunTime:0.000207s ]
INFO: [ view_filter ] --END-- [ RunTime:0.000234s ]
INFO: [ app_end ] --START--
INFO: Run Behavior\ShowPageTraceBehavior [ RunTime:0.000408s ]
INFO: [ app_end ] --END-- [ RunTime:0.000445s ]

[ 2017-08-11T12:49:31+08:00 ] 192.168.37.178 /thinkphp_3.2.3_full/index.php/Admin/Classify/showClassify.html
INFO: [ app_init ] --START--
INFO: Run Behavior\BuildLiteBehavior [ RunTime:0.000018s ]
INFO: [ app_init ] --END-- [ RunTime:0.000465s ]
INFO: [ app_begin ] --START--
INFO: Run Behavior\ReadHtmlCacheBehavior [ RunTime:0.000591s ]
INFO: [ app_begin ] --END-- [ RunTime:0.000647s ]
SQL: SHOW COLUMNS FROM `yp_auth_group_access` [ RunTime:0.0011s ]
SQL: SELECT `uid`,`group_id`,`title`,`rules` FROM yp_auth_group_access a INNER JOIN yp_auth_group g on a.group_id=g.id  WHERE ( a.uid='1' and g.status='1' )  [ RunTime:0.0010s ]
SQL: SHOW COLUMNS FROM `yp_auth_rule` [ RunTime:0.0010s ]
SQL: SELECT `condition`,`name` FROM `yp_auth_rule` WHERE `id` IN ('1','62','18','19','20','21','64','65','66','22','23','24','25','26','27','49','50','51','28','29','30','31','32','33','34','35','52','53','36','37','38','39','40','2','3','4','5','7','8','9','10','11','12','13','57','58','41','42','43','44','45','46','47','48','14','15','16','17','54','55','56') AND `type` = 1 AND `status` = 1  [ RunTime:0.0004s ]
SQL: SHOW COLUMNS FROM `yp_first_sort` [ RunTime:0.0004s ]
SQL: SELECT `id`,`name` FROM `yp_first_sort`  [ RunTime:0.0001s ]
INFO: [ view_parse ] --START--
INFO: [ template_filter ] --START--
INFO: Run Behavior\ContentReplaceBehavior [ RunTime:0.000105s ]
INFO: [ template_filter ] --END-- [ RunTime:0.000132s ]
INFO: Run Behavior\ParseTemplateBehavior [ RunTime:0.005649s ]
INFO: [ view_parse ] --END-- [ RunTime:0.005672s ]
INFO: [ view_filter ] --START--
INFO: Run Behavior\WriteHtmlCacheBehavior [ RunTime:0.000086s ]
INFO: [ view_filter ] --END-- [ RunTime:0.000103s ]
INFO: [ app_end ] --START--
INFO: Run Behavior\ShowPageTraceBehavior [ RunTime:0.000721s ]
INFO: [ app_end ] --END-- [ RunTime:0.000753s ]

[ 2017-08-11T12:49:32+08:00 ] 192.168.37.178 /thinkphp_3.2.3_full/index.php/Admin/Classify/ajaxshowClassify
INFO: [ app_init ] --START--
INFO: Run Behavior\BuildLiteBehavior [ RunTime:0.000014s ]
INFO: [ app_init ] --END-- [ RunTime:0.000400s ]
INFO: [ app_begin ] --START--
INFO: Run Behavior\ReadHtmlCacheBehavior [ RunTime:0.000578s ]
INFO: [ app_begin ] --END-- [ RunTime:0.000627s ]
SQL: SHOW COLUMNS FROM `yp_auth_group_access` [ RunTime:0.0010s ]
SQL: SELECT `uid`,`group_id`,`title`,`rules` FROM yp_auth_group_access a INNER JOIN yp_auth_group g on a.group_id=g.id  WHERE ( a.uid='1' and g.status='1' )  [ RunTime:0.0006s ]
SQL: SHOW COLUMNS FROM `yp_auth_rule` [ RunTime:0.0009s ]
SQL: SELECT `condition`,`name` FROM `yp_auth_rule` WHERE `id` IN ('1','62','18','19','20','21','64','65','66','22','23','24','25','26','27','49','50','51','28','29','30','31','32','33','34','35','52','53','36','37','38','39','40','2','3','4','5','7','8','9','10','11','12','13','57','58','41','42','43','44','45','46','47','48','14','15','16','17','54','55','56') AND `type` = 1 AND `status` = 1  [ RunTime:0.0006s ]
SQL: SHOW COLUMNS FROM `yp_second_sort` [ RunTime:0.0003s ]
SQL: SELECT `id`,`name` FROM `yp_second_sort` WHERE `first_sort_id` = 1  [ RunTime:0.0001s ]

[ 2017-08-11T12:49:35+08:00 ] 192.168.37.178 /thinkphp_3.2.3_full/index.php/Admin/Classify/addClassify.html
INFO: [ app_init ] --START--
INFO: Run Behavior\BuildLiteBehavior [ RunTime:0.000018s ]
INFO: [ app_init ] --END-- [ RunTime:0.000495s ]
INFO: [ app_begin ] --START--
INFO: Run Behavior\ReadHtmlCacheBehavior [ RunTime:0.000639s ]
INFO: [ app_begin ] --END-- [ RunTime:0.000694s ]
SQL: SHOW COLUMNS FROM `yp_auth_group_access` [ RunTime:0.0010s ]
SQL: SELECT `uid`,`group_id`,`title`,`rules` FROM yp_auth_group_access a INNER JOIN yp_auth_group g on a.group_id=g.id  WHERE ( a.uid='1' and g.status='1' )  [ RunTime:0.0005s ]
SQL: SHOW COLUMNS FROM `yp_auth_rule` [ RunTime:0.0009s ]
SQL: SELECT `condition`,`name` FROM `yp_auth_rule` WHERE `id` IN ('1','62','18','19','20','21','64','65','66','22','23','24','25','26','27','49','50','51','28','29','30','31','32','33','34','35','52','53','36','37','38','39','40','2','3','4','5','7','8','9','10','11','12','13','57','58','41','42','43','44','45','46','47','48','14','15','16','17','54','55','56') AND `type` = 1 AND `status` = 1  [ RunTime:0.0006s ]
SQL: SHOW COLUMNS FROM `yp_first_sort` [ RunTime:0.0012s ]
SQL: SELECT `name`,`id` FROM `yp_first_sort`  [ RunTime:0.0003s ]
INFO: [ view_parse ] --START--
INFO: [ template_filter ] --START--
INFO: Run Behavior\ContentReplaceBehavior [ RunTime:0.000110s ]
INFO: [ template_filter ] --END-- [ RunTime:0.000150s ]
INFO: Run Behavior\ParseTemplateBehavior [ RunTime:0.009049s ]
INFO: [ view_parse ] --END-- [ RunTime:0.009091s ]
INFO: [ view_filter ] --START--
INFO: Run Behavior\WriteHtmlCacheBehavior [ RunTime:0.000119s ]
INFO: [ view_filter ] --END-- [ RunTime:0.000144s ]
INFO: [ app_end ] --START--
INFO: Run Behavior\ShowPageTraceBehavior [ RunTime:0.000484s ]
INFO: [ app_end ] --END-- [ RunTime:0.000525s ]

[ 2017-08-11T12:49:43+08:00 ] 192.168.37.178 /thinkphp_3.2.3_full/index.php/Admin/Showgoods/showgood.html
INFO: [ app_init ] --START--
INFO: Run Behavior\BuildLiteBehavior [ RunTime:0.000018s ]
INFO: [ app_init ] --END-- [ RunTime:0.000721s ]
INFO: [ app_begin ] --START--
INFO: Run Behavior\ReadHtmlCacheBehavior [ RunTime:0.000816s ]
INFO: [ app_begin ] --END-- [ RunTime:0.000873s ]
SQL: SHOW COLUMNS FROM `yp_auth_group_access` [ RunTime:0.0012s ]
SQL: SELECT `uid`,`group_id`,`title`,`rules` FROM yp_auth_group_access a INNER JOIN yp_auth_group g on a.group_id=g.id  WHERE ( a.uid='1' and g.status='1' )  [ RunTime:0.0006s ]
SQL: SHOW COLUMNS FROM `yp_auth_rule` [ RunTime:0.0010s ]
SQL: SELECT `condition`,`name` FROM `yp_auth_rule` WHERE `id` IN ('1','62','18','19','20','21','64','65','66','22','23','24','25','26','27','49','50','51','28','29','30','31','32','33','34','35','52','53','36','37','38','39','40','2','3','4','5','7','8','9','10','11','12','13','57','58','41','42','43','44','45','46','47','48','14','15','16','17','54','55','56') AND `type` = 1 AND `status` = 1  [ RunTime:0.0007s ]
SQL: SHOW COLUMNS FROM `yp_goods` [ RunTime:0.0011s ]
SQL: SELECT COUNT(*) AS tp_count FROM `yp_goods` LIMIT 1   [ RunTime:0.0002s ]
SQL: SELECT `id`,`store`,`goods_name`,`goods_status`,`buynum`,`clicknum`,`pic_path` FROM `yp_goods` LIMIT 0,5   [ RunTime:0.0003s ]
SQL: SHOW COLUMNS FROM `yp_first_sort` [ RunTime:0.0010s ]
SQL: SELECT `id`,`name` FROM `yp_first_sort`  [ RunTime:0.0002s ]
INFO: [ view_parse ] --START--
INFO: [ template_filter ] --START--
INFO: Run Behavior\ContentReplaceBehavior [ RunTime:0.000285s ]
INFO: [ template_filter ] --END-- [ RunTime:0.000346s ]
NOTIC: [8] Undefined index: p /usr/local/apache2/htdocs/thinkphp_3.2.3_full/Application/Runtime/Cache/Admin/b6367577fcdd0f7755f6526b5c3ef4ab.php 第 267 行.
NOTIC: [8] Undefined index: firstsortId /usr/local/apache2/htdocs/thinkphp_3.2.3_full/Application/Runtime/Cache/Admin/b6367577fcdd0f7755f6526b5c3ef4ab.php 第 298 行.
NOTIC: [8] Undefined index: firstsortId /usr/local/apache2/htdocs/thinkphp_3.2.3_full/Application/Runtime/Cache/Admin/b6367577fcdd0f7755f6526b5c3ef4ab.php 第 300 行.
NOTIC: [8] Undefined index: firstsortId /usr/local/apache2/htdocs/thinkphp_3.2.3_full/Application/Runtime/Cache/Admin/b6367577fcdd0f7755f6526b5c3ef4ab.php 第 300 行.
NOTIC: [8] Undefined index: firstsortId /usr/local/apache2/htdocs/thinkphp_3.2.3_full/Application/Runtime/Cache/Admin/b6367577fcdd0f7755f6526b5c3ef4ab.php 第 300 行.
NOTIC: [8] Undefined index: firstsortId /usr/local/apache2/htdocs/thinkphp_3.2.3_full/Application/Runtime/Cache/Admin/b6367577fcdd0f7755f6526b5c3ef4ab.php 第 300 行.
NOTIC: [8] Undefined index: firstsortId /usr/local/apache2/htdocs/thinkphp_3.2.3_full/Application/Runtime/Cache/Admin/b6367577fcdd0f7755f6526b5c3ef4ab.php 第 300 行.
NOTIC: [8] Undefined index: firstsortId /usr/local/apache2/htdocs/thinkphp_3.2.3_full/Application/Runtime/Cache/Admin/b6367577fcdd0f7755f6526b5c3ef4ab.php 第 300 行.
NOTIC: [8] Undefined index: firstsortId /usr/local/apache2/htdocs/thinkphp_3.2.3_full/Application/Runtime/Cache/Admin/b6367577fcdd0f7755f6526b5c3ef4ab.php 第 300 行.
NOTIC: [8] Undefined index: firstsortId /usr/local/apache2/htdocs/thinkphp_3.2.3_full/Application/Runtime/Cache/Admin/b6367577fcdd0f7755f6526b5c3ef4ab.php 第 300 行.
NOTIC: [8] Undefined index: firstsortId /usr/local/apache2/htdocs/thinkphp_3.2.3_full/Application/Runtime/Cache/Admin/b6367577fcdd0f7755f6526b5c3ef4ab.php 第 300 行.
NOTIC: [8] Undefined index: firstsortId /usr/local/apache2/htdocs/thinkphp_3.2.3_full/Application/Runtime/Cache/Admin/b6367577fcdd0f7755f6526b5c3ef4ab.php 第 300 行.
NOTIC: [8] Undefined index: secondsortId /usr/local/apache2/htdocs/thinkphp_3.2.3_full/Application/Runtime/Cache/Admin/b6367577fcdd0f7755f6526b5c3ef4ab.php 第 306 行.
NOTIC: [8] Undefined index: searchData /usr/local/apache2/htdocs/thinkphp_3.2.3_full/Application/Runtime/Cache/Admin/b6367577fcdd0f7755f6526b5c3ef4ab.php 第 313 行.
INFO: Run Behavior\ParseTemplateBehavior [ RunTime:0.017355s ]
INFO: [ view_parse ] --END-- [ RunTime:0.017405s ]
INFO: [ view_filter ] --START--
INFO: Run Behavior\WriteHtmlCacheBehavior [ RunTime:0.000189s ]
INFO: [ view_filter ] --END-- [ RunTime:0.000229s ]
INFO: [ app_end ] --START--
INFO: Run Behavior\ShowPageTraceBehavior [ RunTime:0.001706s ]
INFO: [ app_end ] --END-- [ RunTime:0.001806s ]

[ 2017-08-11T12:49:45+08:00 ] 192.168.37.178 /thinkphp_3.2.3_full/index.php/Admin/Showgoods/secondSort
INFO: [ app_init ] --START--
INFO: Run Behavior\BuildLiteBehavior [ RunTime:0.000018s ]
INFO: [ app_init ] --END-- [ RunTime:0.000453s ]
INFO: [ app_begin ] --START--
INFO: Run Behavior\ReadHtmlCacheBehavior [ RunTime:0.000646s ]
INFO: [ app_begin ] --END-- [ RunTime:0.000701s ]
SQL: SHOW COLUMNS FROM `yp_auth_group_access` [ RunTime:0.0009s ]
SQL: SELECT `uid`,`group_id`,`title`,`rules` FROM yp_auth_group_access a INNER JOIN yp_auth_group g on a.group_id=g.id  WHERE ( a.uid='1' and g.status='1' )  [ RunTime:0.0006s ]
SQL: SHOW COLUMNS FROM `yp_auth_rule` [ RunTime:0.0009s ]
SQL: SELECT `condition`,`name` FROM `yp_auth_rule` WHERE `id` IN ('1','62','18','19','20','21','64','65','66','22','23','24','25','26','27','49','50','51','28','29','30','31','32','33','34','35','52','53','36','37','38','39','40','2','3','4','5','7','8','9','10','11','12','13','57','58','41','42','43','44','45','46','47','48','14','15','16','17','54','55','56') AND `type` = 1 AND `status` = 1  [ RunTime:0.0006s ]
SQL: SHOW COLUMNS FROM `yp_second_sort` [ RunTime:0.0010s ]
SQL: SELECT `id`,`name` FROM `yp_second_sort` WHERE `first_sort_id` = 2  [ RunTime:0.0003s ]

[ 2017-08-11T12:49:49+08:00 ] 192.168.37.178 /thinkphp_3.2.3_full/index.php/Admin/Addgoods/addGood.html
INFO: [ app_init ] --START--
INFO: Run Behavior\BuildLiteBehavior [ RunTime:0.000017s ]
INFO: [ app_init ] --END-- [ RunTime:0.000542s ]
INFO: [ app_begin ] --START--
INFO: Run Behavior\ReadHtmlCacheBehavior [ RunTime:0.000726s ]
INFO: [ app_begin ] --END-- [ RunTime:0.000789s ]
SQL: SHOW COLUMNS FROM `yp_first_sort` [ RunTime:0.0011s ]
SQL: SELECT `name`,`id` FROM `yp_first_sort`  [ RunTime:0.0003s ]
INFO: [ view_parse ] --START--
INFO: [ template_filter ] --START--
INFO: Run Behavior\ContentReplaceBehavior [ RunTime:0.000167s ]
INFO: [ template_filter ] --END-- [ RunTime:0.000203s ]
INFO: Run Behavior\ParseTemplateBehavior [ RunTime:0.011090s ]
INFO: [ view_parse ] --END-- [ RunTime:0.011132s ]
INFO: [ view_filter ] --START--
INFO: Run Behavior\WriteHtmlCacheBehavior [ RunTime:0.000146s ]
INFO: [ view_filter ] --END-- [ RunTime:0.000171s ]
INFO: [ app_end ] --START--
INFO: Run Behavior\ShowPageTraceBehavior [ RunTime:0.000421s ]
INFO: [ app_end ] --END-- [ RunTime:0.000461s ]

[ 2017-08-11T12:49:52+08:00 ] 192.168.37.178 /thinkphp_3.2.3_full/index.php/Admin/Addgoods/ajaxData
INFO: [ app_init ] --START--
INFO: Run Behavior\BuildLiteBehavior [ RunTime:0.000016s ]
INFO: [ app_init ] --END-- [ RunTime:0.000490s ]
INFO: [ app_begin ] --START--
INFO: Run Behavior\ReadHtmlCacheBehavior [ RunTime:0.000628s ]
INFO: [ app_begin ] --END-- [ RunTime:0.000681s ]
SQL: SHOW COLUMNS FROM `yp_second_sort` [ RunTime:0.0011s ]
SQL: SELECT `name`,`id` FROM `yp_second_sort` WHERE `first_sort_id` = 2  [ RunTime:0.0004s ]

